<?xml version="1.0" encoding="UTF-8"?>
<!-- Generated by org.testng.reporters.JUnitXMLReporter -->
<testsuite hostname="DESKTOP-N5Q6O18" ignored="0" name="Command line test" tests="6" failures="0" timestamp="18 Jul 2019 04:04:22 GMT" time="0.031" errors="0">
  <testcase name="AndroidTest" time="0.0" classname="qaclickacademy.AppiumTest"/>
  <testcase name="IOSTest" time="0.0" classname="qaclickacademy.AppiumTest"/>
  <testcase name="MainTest" time="0.0" classname="qaclickacademy.RestAPITest"/>
  <testcase name="NativeTest" time="0.0" classname="qaclickacademy.RestAPITest"/>
  <testcase name="BrowserAutomation" time="0.0" classname="qaclickacademy.SeleniumTest"/>
  <testcase name="Elementsui" time="0.0" classname="qaclickacademy.SeleniumTest"/>
</testsuite> <!-- Command line test -->
