<?xml version="1.0" encoding="UTF-8"?>
<testng-results skipped="0" failed="0" ignored="0" total="2" passed="2">
  <reporter-output>
  </reporter-output>
  <suite name="Default suite" duration-ms="31" started-at="2019-05-29T03:09:40Z" finished-at="2019-05-29T03:09:41Z">
    <groups>
    </groups>
    <test name="Default test" duration-ms="31" started-at="2019-05-29T03:09:40Z" finished-at="2019-05-29T03:09:41Z">
      <class name="qaclickacademy.AppiumTest">
        <test-method status="PASS" signature="AndroidTest()[pri:0, instance:qaclickacademy.AppiumTest@6767c1fc]" name="AndroidTest" duration-ms="8" started-at="2019-05-29T03:09:40Z" finished-at="2019-05-29T03:09:41Z">
          <reporter-output>
          </reporter-output>
        </test-method> <!-- AndroidTest -->
        <test-method status="PASS" signature="IOSTest()[pri:0, instance:qaclickacademy.AppiumTest@6767c1fc]" name="IOSTest" duration-ms="2" started-at="2019-05-29T03:09:41Z" finished-at="2019-05-29T03:09:41Z">
          <reporter-output>
          </reporter-output>
        </test-method> <!-- IOSTest -->
      </class> <!-- qaclickacademy.AppiumTest -->
    </test> <!-- Default test -->
  </suite> <!-- Default suite -->
</testng-results>
